<?xml version="1.0" encoding="UTF-8"?>
<testng-results skipped="0" failed="0" ignored="0" total="0" passed="0">
  <reporter-output>
  </reporter-output>
  <suite name="Default suite" duration-ms="404" started-at="2023-06-07T02:02:25Z" finished-at="2023-06-07T02:02:26Z">
    <groups>
      <group name="cucumber">
        <method signature="AbstractTestNGCucumberTests.feature(cucumber.api.testng.CucumberFeatureWrapper)[pri:0, instance:com.nexttechitc.Testrunner.TestrunnerTestNG$TestRunner@5b275dab]" name="feature" class="cucumber.api.testng.AbstractTestNGCucumberTests"/>
      </group> <!-- cucumber -->
    </groups>
    <test name="Default test" duration-ms="404" started-at="2023-06-07T02:02:25Z" finished-at="2023-06-07T02:02:26Z">
      <class name="com.nexttechitc.Testrunner.TestrunnerTestNG$TestRunner">
        <test-method status="PASS" signature="setUpClass()[pri:0, instance:com.nexttechitc.Testrunner.TestrunnerTestNG$TestRunner@5b275dab]" name="setUpClass" is-config="true" duration-ms="350" started-at="2023-06-06T21:02:25Z" finished-at="2023-06-06T21:02:26Z">
          <reporter-output>
          </reporter-output>
        </test-method> <!-- setUpClass -->
        <test-method status="PASS" signature="tearDownClass()[pri:0, instance:com.nexttechitc.Testrunner.TestrunnerTestNG$TestRunner@5b275dab]" name="tearDownClass" is-config="true" duration-ms="27" started-at="2023-06-06T21:02:26Z" finished-at="2023-06-06T21:02:26Z">
          <reporter-output>
          </reporter-output>
        </test-method> <!-- tearDownClass -->
      </class> <!-- com.nexttechitc.Testrunner.TestrunnerTestNG$TestRunner -->
    </test> <!-- Default test -->
  </suite> <!-- Default suite -->
</testng-results>
